<?xml version="1.0" encoding="UTF-8"?>
<!-- Generated by org.testng.reporters.JUnitReportReporter -->
<testsuite skipped="0" hostname="Aruns-MacBook-Pro.local" name="falcon_framework_automation.com.qa.automation.testscript.SampleTestScript" tests="1" failures="0" timestamp="30 Mar 2021 10:01:38 GMT" time="0.006" errors="0">
  <testcase name="sampleTest" time="0.006" classname="falcon_framework_automation.com.qa.automation.testscript.SampleTestScript"/>
</testsuite> <!-- falcon_framework_automation.com.qa.automation.testscript.SampleTestScript -->
